<?xml version="1.0" encoding="UTF-8"?>
<!-- Generated by org.testng.reporters.JUnitReportReporter -->
<testsuite skipped="0" hostname="IN2196867W4" name="sample.testingjava.twoestcase" tests="2" failures="0" timestamp="2020-09-06T13:12:30 IST" time="0.007" errors="0">
  <testcase name="login" time="0.003" classname="sample.testingjava.twoestcase"/>
  <system-out/>
  <testcase name="accountcreation" time="0.004" classname="sample.testingjava.twoestcase"/>
  <system-out/>
</testsuite> <!-- sample.testingjava.twoestcase -->
