<?xml version="1.0" encoding="UTF-8"?>
<!-- Generated by org.testng.reporters.JUnitReportReporter -->
<testsuite skipped="0" hostname="IN2196867W4" name="sample.testingjava.secondclass" tests="1" failures="0" timestamp="2020-09-06T13:12:30 IST" time="0.028" errors="0">
  <testcase name="testcase1" time="0.028" classname="sample.testingjava.secondclass"/>
  <system-out/>
</testsuite> <!-- sample.testingjava.secondclass -->
